Determining if the pthread_create exist failed with the following output:
Change Dir: /home/sassy/cs618/project/cudascotty/CMakeFiles/CMakeTmp

Run Build Command:"/usr/bin/make" "cmTC_447a6/fast"
/usr/bin/make -f CMakeFiles/cmTC_447a6.dir/build.make CMakeFiles/cmTC_447a6.dir/build
make[1]: Entering directory '/home/sassy/cs618/project/cudascotty/CMakeFiles/CMakeTmp'
Building C object CMakeFiles/cmTC_447a6.dir/CheckSymbolExists.c.o
/usr/bin/cc    -o CMakeFiles/cmTC_447a6.dir/CheckSymbolExists.c.o   -c /home/sassy/cs618/project/cudascotty/CMakeFiles/CMakeTmp/CheckSymbolExists.c
Linking C executable cmTC_447a6
/usr/bin/cmake -E cmake_link_script CMakeFiles/cmTC_447a6.dir/link.txt --verbose=1
/usr/bin/cc      -rdynamic CMakeFiles/cmTC_447a6.dir/CheckSymbolExists.c.o  -o cmTC_447a6 
CMakeFiles/cmTC_447a6.dir/CheckSymbolExists.c.o: In function `main':
CheckSymbolExists.c:(.text+0x1b): undefined reference to `pthread_create'
collect2: error: ld returned 1 exit status
CMakeFiles/cmTC_447a6.dir/build.make:97: recipe for target 'cmTC_447a6' failed
make[1]: *** [cmTC_447a6] Error 1
make[1]: Leaving directory '/home/sassy/cs618/project/cudascotty/CMakeFiles/CMakeTmp'
Makefile:126: recipe for target 'cmTC_447a6/fast' failed
make: *** [cmTC_447a6/fast] Error 2

File /home/sassy/cs618/project/cudascotty/CMakeFiles/CMakeTmp/CheckSymbolExists.c:
/* */
#include <pthread.h>

int main(int argc, char** argv)
{
  (void)argv;
#ifndef pthread_create
  return ((int*)(&pthread_create))[argc];
#else
  (void)argc;
  return 0;
#endif
}

Determining if the function pthread_create exists in the pthreads failed with the following output:
Change Dir: /home/sassy/cs618/project/cudascotty/CMakeFiles/CMakeTmp

Run Build Command:"/usr/bin/make" "cmTC_ae585/fast"
/usr/bin/make -f CMakeFiles/cmTC_ae585.dir/build.make CMakeFiles/cmTC_ae585.dir/build
make[1]: Entering directory '/home/sassy/cs618/project/cudascotty/CMakeFiles/CMakeTmp'
Building C object CMakeFiles/cmTC_ae585.dir/CheckFunctionExists.c.o
/usr/bin/cc   -DCHECK_FUNCTION_EXISTS=pthread_create   -o CMakeFiles/cmTC_ae585.dir/CheckFunctionExists.c.o   -c /usr/share/cmake-3.9/Modules/CheckFunctionExists.c
Linking C executable cmTC_ae585
/usr/bin/cmake -E cmake_link_script CMakeFiles/cmTC_ae585.dir/link.txt --verbose=1
/usr/bin/cc  -DCHECK_FUNCTION_EXISTS=pthread_create    -rdynamic CMakeFiles/cmTC_ae585.dir/CheckFunctionExists.c.o  -o cmTC_ae585 -lpthreads 
/usr/bin/ld: cannot find -lpthreads
collect2: error: ld returned 1 exit status
CMakeFiles/cmTC_ae585.dir/build.make:97: recipe for target 'cmTC_ae585' failed
make[1]: *** [cmTC_ae585] Error 1
make[1]: Leaving directory '/home/sassy/cs618/project/cudascotty/CMakeFiles/CMakeTmp'
Makefile:126: recipe for target 'cmTC_ae585/fast' failed
make: *** [cmTC_ae585/fast] Error 2


Determining if the function glXGetProcAddressEXT exists failed with the following output:
Change Dir: /home/sassy/cs618/project/cudascotty/CMakeFiles/CMakeTmp

Run Build Command:"/usr/bin/make" "cmTC_5940b/fast"
/usr/bin/make -f CMakeFiles/cmTC_5940b.dir/build.make CMakeFiles/cmTC_5940b.dir/build
make[1]: Entering directory '/home/sassy/cs618/project/cudascotty/CMakeFiles/CMakeTmp'
Building C object CMakeFiles/cmTC_5940b.dir/CheckFunctionExists.c.o
/usr/bin/cc   -DCHECK_FUNCTION_EXISTS=glXGetProcAddressEXT   -o CMakeFiles/cmTC_5940b.dir/CheckFunctionExists.c.o   -c /usr/share/cmake-3.9/Modules/CheckFunctionExists.c
Linking C executable cmTC_5940b
/usr/bin/cmake -E cmake_link_script CMakeFiles/cmTC_5940b.dir/link.txt --verbose=1
/usr/bin/cc  -DCHECK_FUNCTION_EXISTS=glXGetProcAddressEXT    -rdynamic CMakeFiles/cmTC_5940b.dir/CheckFunctionExists.c.o  -o cmTC_5940b /usr/lib/x86_64-linux-gnu/libGL.so 
CMakeFiles/cmTC_5940b.dir/CheckFunctionExists.c.o: In function `main':
CheckFunctionExists.c:(.text+0x10): undefined reference to `glXGetProcAddressEXT'
collect2: error: ld returned 1 exit status
CMakeFiles/cmTC_5940b.dir/build.make:98: recipe for target 'cmTC_5940b' failed
make[1]: *** [cmTC_5940b] Error 1
make[1]: Leaving directory '/home/sassy/cs618/project/cudascotty/CMakeFiles/CMakeTmp'
Makefile:126: recipe for target 'cmTC_5940b/fast' failed
make: *** [cmTC_5940b/fast] Error 2


